2025-11-03 15:36:13,942 - INFO - ================================================================================
2025-11-03 15:36:13,943 - INFO - AUTOMATED TWEET PIPELINE - STARTING
2025-11-03 15:36:13,943 - INFO - ================================================================================
2025-11-03 15:36:13,943 - INFO - 
2025-11-03 15:36:13,943 - INFO - ================================================================================
2025-11-03 15:36:13,943 - INFO - STEP 1: Checking rate limit status...
2025-11-03 15:36:13,943 - INFO - ================================================================================
2025-11-03 15:36:15,567 - INFO - ✅ Rate limit check passed - safe to fetch
2025-11-03 15:36:15,567 - INFO - 
2025-11-03 15:36:15,568 - INFO - ================================================================================
2025-11-03 15:36:15,568 - INFO - STEP 2: Fetching latest tweets...
2025-11-03 15:36:15,568 - INFO - ================================================================================
2025-11-03 15:36:17,153 - INFO - ✅ Tweets fetched successfully
2025-11-03 15:36:17,154 - INFO - 
2025-11-03 15:36:17,154 - INFO - 
2025-11-03 15:36:17,154 - INFO - ================================================================================
2025-11-03 15:36:17,154 - INFO - STEP 3: Parsing tweets...
2025-11-03 15:36:17,154 - INFO - ================================================================================
2025-11-03 15:36:17,366 - INFO - ✅ Tweets parsed successfully
2025-11-03 15:36:17,366 - INFO - 
2025-11-03 15:36:17,366 - INFO - 
2025-11-03 15:36:17,366 - INFO - ================================================================================
2025-11-03 15:36:17,366 - INFO - STEP 4: Updating dashboard JSON...
2025-11-03 15:36:17,366 - INFO - ================================================================================
2025-11-03 15:36:17,657 - INFO - ✅ Dashboard JSON updated successfully
2025-11-03 15:36:17,657 - INFO - प हमारा है”......
2. [2025-11-03] inspection
   Locations: None
   Content: आदरणीय प्रधानमंत्री श्री नरेंद्र मोदी जी के मार्गदर्शन में व...
3. [2025-11-03] inspection
   Locations: रायगढ़
   Content: आज रायगढ़ के लोईंग मंडल के ग्राम कुकुर्दा में ग्रामवासियों स...
4. [2025-11-03] other
   Locations: None
   Content: छत्तीसगढ़ की लोक-संस्कृति को अपनी रचनाओं से अमर करने वाले, ल...
5. [2025-11-03] rally
   Locations: रायगढ़
   Content: आज रायगढ़ स्थित गुरुद्वारा श्री गुरु सिंघ सभा में मत्था टेक ...

2025-11-03 15:36:17,657 - INFO - 
2025-11-03 15:36:17,657 - INFO - ================================================================================
2025-11-03 15:36:17,657 - INFO - PIPELINE SUMMARY
2025-11-03 15:36:17,657 - INFO - ================================================================================
2025-11-03 15:36:17,657 - INFO -   Rate Limit Check: ✅ PASSED
2025-11-03 15:36:17,658 - INFO -   Fetch Tweets: ✅ PASSED
2025-11-03 15:36:17,658 - INFO -   Parse Tweets: ✅ PASSED
2025-11-03 15:36:17,658 - INFO -   Update Dashboard: ✅ PASSED
2025-11-03 15:36:17,658 - INFO - 
2025-11-03 15:36:17,658 - INFO - ✅ PIPELINE COMPLETED SUCCESSFULLY
